<?xml version="1.0" encoding="UTF-8" ?>
<testsuite errors="0" failures="0" hostname="Mastermind" name="nl.fontys.epic.util.MatrixListTest" skipped="0" tests="10" time="0.175" timestamp="2013-12-04T11:40:58">
  <properties>
    <property name="libs.jsp-compiler.javadoc" value="" />
    <property name="netbeans.autoupdate.country" value="US" />
    <property name="javac.test.classpath" value=":build/classes:/usr/local/netbeans-7.4/platform/modules/ext/junit-4.10.jar" />
    <property name="libs.jsf20.maven-pom" value="" />
    <property name="manifest.custom.codebase" value="" />
    <property name="libs.j2me_ant_ext.javadoc" value="" />
    <property name="libs.junit.javadoc" value="/usr/local/netbeans-7.4/java/docs/junit-3.8.2-api.zip" />
    <property name="javac.includes" value="nl/fontys/epic/util/MatrixListTest.java" />
    <property name="libs.nokiaS80-ant-utils.javadoc" value="" />
    <property name="ant.core.lib" value="/usr/local/netbeans-7.4/extide/ant/lib/ant.jar" />
    <property name="libs.jakarta_slide_ant_webdav.javadoc" value="" />
    <property name="javadoc.windowtitle" value="" />
    <property name="libs.jsp-compilation.javadoc" value="" />
    <property name="user.dir" value="/home/miguel/git/epic" />
    <property name="libs.javaee-api-7.0.src" value="" />
    <property name="libs.hibernate-persistence.javadoc" value="" />
    <property name="libs.JMUnit4CLDC10.javadoc" value="/usr/local/netbeans-7.4/mobility/modules/docs/jmunit-1.2.1-api.zip" />
    <property name="java.vm.version" value="24.45-b08" />
    <property name="libs.MySQLDriver.classpath" value="/usr/local/netbeans-7.4/ide/modules/ext/mysql-connector-java-5.1.23-bin.jar" />
    <property name="libs.XMLWriter.javadoc" value="" />
    <property name="libs.eclipselinkmodelgen.src" value="" />
    <property name="javadoc.notree" value="false" />
    <property name="netbeans.autoupdate.version" value="1.23" />
    <property name="netbeans.running.environment" value="gnome" />
    <property name="libs.javaee-web-api-6.0.classpath" value="/usr/local/netbeans-7.4/enterprise/modules/ext/javaee-web-api-6.0.jar" />
    <property name="libs.hibernate-support.maven-pom" value="" />
    <property name="libs.hibernate-support.javadoc" value="" />
    <property name="project.license" value="default" />
    <property name="javac.profile.cmd.line.arg" value="" />
    <property name="jdk.home" value="/usr/lib/jvm/java-7-oracle" />
    <property name="libs.javac-api.src" value="" />
    <property name="javadoc.noindex" value="false" />
    <property name="sun.os.patch.level" value="unknown" />
    <property name="do.archive+manifest.available" value="true" />
    <property name="java.vm.specification.name" value="Java Virtual Machine Specification" />
    <property name="libs.semc-ant-utils.classpath" value="/usr/local/netbeans-7.4/mobility/modules/ext/org-netbeans-modules-j2me-cdc-project-semc.jar" />
    <property name="nb.show.statistics.ui" value="usageStatisticsEnabled" />
    <property name="libs.nokiadeployment.classpath" value="/usr/local/netbeans-7.4/mobility/modules/org-netbeans-modules-mobility-deployment-nokia.jar" />
    <property name="netbeans.autoupdate.variant" value="" />
    <property name="have.tests" value="true" />
    <property name="libs.nokiaS80-ant-utils.maven-pom" value="" />
    <property name="org.xml.sax.driver" value="com.sun.org.apache.xerces.internal.jaxp.SAXParserImpl$JAXPSAXParser" />
    <property name="libs.javac-api.javadoc" value="" />
    <property name="os.name" value="Linux" />
    <property name="libs.beans-binding.classpath" value="/usr/local/netbeans-7.4/java/modules/ext/beansbinding-1.2.1.jar" />
    <property name="libs.javaee-endorsed-api-7.0.maven-pom" value="" />
    <property name="ap.proc.none.internal" value="" />
    <property name="libs.restapi.javadoc" value="" />
    <property name="libs.JWSAntTasks.maven-pom" value="" />
    <property name="jnlp.signing.keystore" value="" />
    <property name="libs.jstl.classpath" value="/usr/local/netbeans-7.4/enterprise/modules/ext/jstl-impl.jar:/usr/local/netbeans-7.4/enterprise/modules/ext/jstl-api.jar" />
    <property name="libs.testng.src" value="" />
    <property name="libs.ojec-ant-utils.src" value="" />
    <property name="ant.file.epic" value="/home/miguel/git/epic/build.xml" />
    <property name="libs.spring-webmvc3.0.src" value="" />
    <property name="libs.restapi.classpath" value="/usr/local/netbeans-7.4/enterprise/modules/ext/jaxrs-2.0/javax.ws.rs-api-2.0.jar" />
    <property name="java.vendor.url.bug" value="http://bugreport.sun.com/bugreport/" />
    <property name="libs.jaxb.maven-pom" value="" />
    <property name="os.arch" value="amd64" />
    <property name="libs.eclipselink.src" value="" />
    <property name="user.name" value="miguel" />
    <property name="libs.jsf12.javadoc" value="/usr/local/netbeans-7.4/enterprise/docs/javaee-doc-api.jar" />
    <property name="copylibs.rebase" value="true" />
    <property name="libs.spring-webmvc3.0.maven-pom" value="" />
    <property name="libs.swing-layout.maven-pom" value="" />
    <property name="sun.java.command" value="org.apache.tools.ant.taskdefs.optional.junit.JUnitTestRunner nl.fontys.epic.util.MatrixListTest filtertrace=true haltOnError=false haltOnFailure=false showoutput=true outputtoformatters=true logfailedtests=true logtestlistenerevents=true formatter=org.apache.tools.ant.taskdefs.optional.junit.BriefJUnitResultFormatter formatter=org.apache.tools.ant.taskdefs.optional.junit.XMLJUnitResultFormatter,/home/miguel/git/epic/build/test/results/TEST-nl.fontys.epic.util.MatrixListTest.xml crashfile=/home/miguel/git/epic/build/junitvmwatcher4366948294941164744.properties propsfile=/home/miguel/git/epic/build/junit458731960815848225.properties" />
    <property name="build.classes.dir" value="build/classes" />
    <property name="netbeans.accept_license_class" value="org.netbeans.license.AcceptLicense" />
    <property name="jnlp.descriptor" value="application" />
    <property name="build.sysclasspath" value="ignore" />
    <property name="ap.supported.internal" value="true" />
    <property name="libs.javaee-endorsed-api-7.0.javadoc" value="/usr/local/netbeans-7.4/enterprise/docs/javaee-doc-api.jar" />
    <property name="libs.jaxws21.javadoc" value="/usr/local/netbeans-7.4/java/docs/jaxws-api-doc.zip" />
    <property name="includes" value="**" />
    <property name="libs.ojec-ant-utils.maven-pom" value="" />
    <property name="user.country" value="US" />
    <property name="manifest.file" value="manifest.mf" />
    <property name="libs.JMUnit4CLDC11.src" value="" />
    <property name="javadoc.encoding" value="UTF-8" />
    <property name="javac.classpath" value="" />
    <property name="libs.jsp-compilation-syscp.src" value="" />
    <property name="debug-transport" value="dt_socket" />
    <property name="ant.file.type.epic-impl" value="file" />
    <property name="netbeans.home" value="/usr/local/netbeans-7.4/platform" />
    <property name="build.compiler.emacs" value="true" />
    <property name="application.desc" value="A XML based text adventure maker." />
    <property name="libs.javaee-web-api-6.0.src" value="" />
    <property name="libs.ejb3-persistence.src" value="" />
    <property name="libs.jsp-compilation-syscp.classpath" value="/usr/local/netbeans-7.4/extide/ant/lib/ant.jar:/usr/local/netbeans-7.4/enterprise/modules/ext/servlet3.1-jsp2.3-api.jar:/usr/local/netbeans-7.4/enterprise/modules/ext/glassfish-jspparser-4.0.jar:/usr/local/netbeans-7.4/enterprise/modules/ext/jstl-impl.jar:/usr/local/netbeans-7.4/enterprise/modules/ext/jsf-2_2/javax.faces.jar" />
    <property name="libs.nokiaS80-ant-utils.src" value="" />
    <property name="libs.cdc-pp-awt-layout.javadoc" value="" />
    <property name="libs.j2me_ant_ext.classpath" value="/usr/local/netbeans-7.4/mobility/modules/org-netbeans-modules-mobility-antext.jar:/usr/local/netbeans-7.4/java/modules/org-netbeans-modules-classfile.jar" />
    <property name="java.endorsed.dirs" value="/usr/lib/jvm/java-7-oracle/jre/lib/endorsed" />
    <property name="libs.hibernate-persistencemodelgen.classpath" value="/usr/local/netbeans-7.4/java/modules/ext/hibernate/hibernate-jpamodelgen-1.1.1.Final.jar" />
    <property name="libs.groovy-all.src" value="" />
    <property name="test.includes" value="nl/fontys/epic/util/MatrixListTest.java" />
    <property name="netbeans.dynamic.classpath" value="/usr/local/netbeans-7.4/platform/core/org-openide-filesystems.jar:/usr/local/netbeans-7.4/platform/core/core.jar:/usr/local/netbeans-7.4/platform/core/locale/org-openide-filesystems_zh_CN.jar:/usr/local/netbeans-7.4/platform/core/locale/org-openide-filesystems_ja.jar:/usr/local/netbeans-7.4/platform/core/locale/core_pt_BR.jar:/usr/local/netbeans-7.4/platform/core/locale/org-openide-filesystems_ru.jar:/usr/local/netbeans-7.4/platform/core/locale/core_ja.jar:/usr/local/netbeans-7.4/platform/core/locale/core_ru.jar:/usr/local/netbeans-7.4/platform/core/locale/core_zh_CN.jar:/usr/local/netbeans-7.4/platform/core/locale/org-openide-filesystems_pt_BR.jar:/usr/local/netbeans-7.4/nb/core/org-netbeans-upgrader.jar:/usr/local/netbeans-7.4/nb/core/locale/core_nb.jar:/usr/local/netbeans-7.4/nb/core/locale/org-netbeans-upgrader_zh_CN.jar:/usr/local/netbeans-7.4/nb/core/locale/core_nb_ja.jar:/usr/local/netbeans-7.4/nb/core/locale/org-netbeans-upgrader_ja.jar:/usr/local/netbeans-7.4/nb/core/locale/org-netbeans-upgrader_ru.jar:/usr/local/netbeans-7.4/nb/core/locale/core_nb_pt_BR.jar:/usr/local/netbeans-7.4/nb/core/locale/core_nb_zh_CN.jar:/usr/local/netbeans-7.4/nb/core/locale/core_nb_ru.jar:/usr/local/netbeans-7.4/nb/core/locale/org-netbeans-upgrader_pt_BR.jar" />
    <property name="libs.cdc-agui-swing-layout.maven-pom" value="" />
    <property name="jnlp.enabled" value="false" />
    <property name="libs.cdc-pp-awt-layout.src" value="/usr/local/netbeans-7.4/mobility/sources/cdc-pp-awt-layout-src.zip" />
    <property name="java.vm.specification.version" value="1.7" />
    <property name="libs.jakarta_slide_ant_webdav.src" value="" />
    <property name="libs.primefaces.classpath" value="/usr/local/netbeans-7.4/enterprise/modules/ext/primefaces/primefaces-3.5.jar:/usr/local/netbeans-7.4/enterprise/modules/ext/commons-fileupload-1.3.jar" />
    <property name="libs.javaee-api-6.0.classpath" value="/usr/local/netbeans-7.4/enterprise/modules/ext/javaee-api-6.0.jar" />
    <property name="libs.sjmc-ant-utils.maven-pom" value="" />
    <property name="libs.groovy-all.maven-pom" value="" />
    <property name="libs.JMUnit4CLDC10.maven-pom" value="" />
    <property name="netbeans.productversion" value="NetBeans IDE 7.4 (Build 201310111528)" />
    <property name="libs.hibernate-persistence.classpath" value="/usr/local/netbeans-7.4/java/modules/ext/hibernate/antlr-2.7.6.jar:/usr/local/netbeans-7.4/java/modules/ext/hibernate/cglib-2.2.jar:/usr/local/netbeans-7.4/java/modules/ext/hibernate/commons-collections-3.1.jar:/usr/local/netbeans-7.4/java/modules/ext/hibernate/dom4j-1.6.1.jar:/usr/local/netbeans-7.4/java/modules/ext/hibernate/jta-1.1.jar:/usr/local/netbeans-7.4/java/modules/ext/hibernate/hibernate-core-3.6.10.Final.jar:/usr/local/netbeans-7.4/java/modules/ext/hibernate/hibernate-commons-annotations-3.2.0.Final.jar:/usr/local/netbeans-7.4/java/modules/ext/hibernate/hibernate-entitymanager-3.6.10.Final.jar:/usr/local/netbeans-7.4/java/modules/ext/hibernate/hibernate-tools-3.6.0.CR1.jar:/usr/local/netbeans-7.4/java/modules/ext/hibernate/javassist-3.12.0.GA.jar:/usr/local/netbeans-7.4/java/modules/ext/hibernate/c3p0-0.9.1.jar:/usr/local/netbeans-7.4/java/modules/ext/hibernate/oscache-2.1.jar:/usr/local/netbeans-7.4/java/modules/ext/hibernate/slf4j-api-1.6.1.jar:/usr/local/netbeans-7.4/java/modules/ext/hibernate/slf4j-simple-1.6.1.jar:/usr/local/netbeans-7.4/java/modules/ext/hibernate/hibernate-jpa-2.0-api-1.0.1.Final.jar" />
    <property name="libs.jaxws21.src" value="" />
    <property name="application.title" value="epic " />
    <property name="do.archive" value="true" />
    <property name="netbeans.autoupdate.language" value="en" />
    <property name="libs.jakarta_slide_ant_webdav.classpath" value="/usr/local/netbeans-7.4/mobility/modules/ext/commons-httpclient-3.0.1.jar:/usr/local/netbeans-7.4/ide/modules/org-apache-commons-logging.jar:/usr/local/netbeans-7.4/mobility/modules/ext/jdom-1.0.jar:/usr/local/netbeans-7.4/mobility/modules/ext/jakarta-slide-webdavlib-2.1.jar:/usr/local/netbeans-7.4/mobility/modules/ext/jakarta-slide-ant-webdav-2.1.jar" />
    <property name="java.vendor" value="Oracle Corporation" />
    <property name="libs.JMUnit4CLDC10.src" value="" />
    <property name="libs.javaee-api-6.0.javadoc" value="/usr/local/netbeans-7.4/enterprise/docs/javaee-doc-api.jar" />
    <property name="sun.font.fontmanager" value="sun.awt.X11FontManager" />
    <property name="jar.index.metainf" value="false" />
    <property name="javac.debug" value="true" />
    <property name="javadoc.splitindex" value="true" />
    <property name="file.separator" value="/" />
    <property name="javac.includesfile.binary" value="/home/miguel/git/epic/null336771180" />
    <property name="libs.junit_4.maven-pom" value="" />
    <property name="mkdist.disabled" value="false" />
    <property name="javac.test.processorpath" value=":build/classes:/usr/local/netbeans-7.4/platform/modules/ext/junit-4.10.jar" />
    <property name="netbeans.buildnumber" value="201310111528" />
    <property name="libs.JWSAntTasks.javadoc" value="" />
    <property name="build.generated.sources.dir" value="build/generated-sources" />
    <property name="libs.eclipselinkmodelgen.classpath" value="/home/miguel/.netbeans/7.4/modules/ext/eclipselink/org.eclipse.persistence.jpa.modelgen_2.5.1.v20130918-f2b9fc5.jar" />
    <property name="libs.javaee-endorsed-api-7.0.src" value="" />
    <property name="sun.java.launcher" value="SUN_STANDARD" />
    <property name="libs.junit.classpath" value="/usr/local/netbeans-7.4/java/modules/ext/junit-3.8.2.jar" />
    <property name="libs.jaxb.javadoc" value="/usr/local/netbeans-7.4/ide/docs/jaxb-api-doc.zip" />
    <property name="libs.struts.classpath" value="/usr/local/netbeans-7.4/enterprise/modules/ext/struts/antlr-2.7.2.jar:/usr/local/netbeans-7.4/enterprise/modules/ext/struts/bsf-2.3.0.jar:/usr/local/netbeans-7.4/enterprise/modules/ext/struts/commons-beanutils-1.8.0.jar:/usr/local/netbeans-7.4/enterprise/modules/ext/struts/commons-chain-1.2.jar:/usr/local/netbeans-7.4/enterprise/modules/ext/struts/commons-digester-1.8.jar:/usr/local/netbeans-7.4/enterprise/modules/ext/struts/commons-fileupload-1.1.1.jar:/usr/local/netbeans-7.4/enterprise/modules/ext/struts/commons-io-1.1.jar:/usr/local/netbeans-7.4/enterprise/modules/ext/struts/commons-logging-1.0.4.jar:/usr/local/netbeans-7.4/enterprise/modules/ext/struts/commons-validator-1.3.1.jar:/usr/local/netbeans-7.4/enterprise/modules/ext/struts/jstl-1.0.2.jar:/usr/local/netbeans-7.4/enterprise/modules/ext/struts/oro-2.0.8.jar:/usr/local/netbeans-7.4/enterprise/modules/ext/struts/standard-1.0.6.jar:/usr/local/netbeans-7.4/enterprise/modules/ext/struts/struts-core-1.3.10.jar:/usr/local/netbeans-7.4/enterprise/modules/ext/struts/struts-el-1.3.10.jar:/usr/local/netbeans-7.4/enterprise/modules/ext/struts/struts-extras-1.3.10.jar:/usr/local/netbeans-7.4/enterprise/modules/ext/struts/struts-faces-1.3.10.jar:/usr/local/netbeans-7.4/enterprise/modules/ext/struts/struts-mailreader-dao-1.3.10.jar:/usr/local/netbeans-7.4/enterprise/modules/ext/struts/struts-scripting-1.3.10.jar:/usr/local/netbeans-7.4/enterprise/modules/ext/struts/struts-taglib-1.3.10.jar:/usr/local/netbeans-7.4/enterprise/modules/ext/struts/struts-tiles-1.3.10.jar" />
    <property name="javac.includes.binary" value="/home/miguel/git/epic/build/test/classes/nl/fontys/epic/util/MatrixListTest.class" />
    <property name="ant.home" value="/usr/local/netbeans-7.4/extide/ant" />
    <property name="libs.junit_4.src" value="/usr/local/netbeans-7.4/java/docs/junit-4.10-sources.jar" />
    <property name="libs.testng.classpath" value="/usr/local/netbeans-7.4/platform/modules/ext/testng-6.8.1-dist.jar" />
    <property name="libs.absolutelayout.maven-pom" value="" />
    <property name="ant.java.version" value="1.7" />
    <property name="java.library.path" value="/usr/lib/jvm/java-7-oracle/jre/lib/amd64:/usr/lib/jvm/java-7-oracle/jre/lib/i386::/usr/java/packages/lib/amd64:/usr/lib64:/lib64:/lib:/usr/lib" />
    <property name="javadoc.author" value="false" />
    <property name="libs.metro.maven-pom" value="" />
    <property name="java.util.logging.config.class" value="org.netbeans.core.startup.TopLogging" />
    <property name="libs.PostgreSQLDriver.src" value="" />
    <property name="ant.file.epic-impl" value="/home/miguel/git/epic/nbproject/build-impl.xml" />
    <property name="sun.arch.data.model" value="64" />
    <property name="basedir" value="/home/miguel/git/epic" />
    <property name="libs.jpa20-persistence.maven-pom" value="" />
    <property name="jar.compress" value="false" />
    <property name="libs.javaee-web-api-7.0.classpath" value="/usr/local/netbeans-7.4/enterprise/modules/ext/javaee-web-api-7.0.jar" />
    <property name="path.separator" value=":" />
    <property name="libs.javaee-web-api-6.0.javadoc" value="/usr/local/netbeans-7.4/enterprise/docs/javaee-doc-api.jar" />
    <property name="ant.junit.enabletestlistenerevents" value="true" />
    <property name="sun.io.unicode.encoding" value="UnicodeLittle" />
    <property name="libs.semc-ant-utils.javadoc" value="" />
    <property name="libs.jaxws21.classpath" value="/usr/local/netbeans-7.4/ide/modules/ext/jaxb/jaxb-impl.jar:/usr/local/netbeans-7.4/ide/modules/ext/jaxb/jaxb-xjc.jar:/usr/local/netbeans-7.4/java/modules/ext/jaxws22/FastInfoset.jar:/usr/local/netbeans-7.4/java/modules/ext/jaxws22/gmbal-api-only.jar:/usr/local/netbeans-7.4/java/modules/ext/jaxws22/ha-api.jar:/usr/local/netbeans-7.4/java/modules/ext/jaxws22/javax.mail_1.4.jar:/usr/local/netbeans-7.4/java/modules/ext/jaxws22/jaxws-rt.jar:/usr/local/netbeans-7.4/java/modules/ext/jaxws22/jaxws-tools.jar:/usr/local/netbeans-7.4/java/modules/ext/jaxws22/management-api.jar:/usr/local/netbeans-7.4/java/modules/ext/jaxws22/mimepull.jar:/usr/local/netbeans-7.4/java/modules/ext/jaxws22/policy.jar:/usr/local/netbeans-7.4/java/modules/ext/jaxws22/saaj-impl.jar:/usr/local/netbeans-7.4/java/modules/ext/jaxws22/stax-ex.jar:/usr/local/netbeans-7.4/java/modules/ext/jaxws22/stax2-api.jar:/usr/local/netbeans-7.4/java/modules/ext/jaxws22/streambuffer.jar:/usr/local/netbeans-7.4/java/modules/ext/jaxws22/woodstox-core-asl.jar:/usr/local/netbeans-7.4/java/modules/ext/jaxws22/api/jaxws-api.jar:/usr/local/netbeans-7.4/java/modules/ext/jaxws22/api/jsr181-api.jar:/usr/local/netbeans-7.4/java/modules/ext/jaxws22/api/javax.annotation.jar:/usr/local/netbeans-7.4/java/modules/ext/jaxws22/api/saaj-api.jar:/usr/local/netbeans-7.4/ide/modules/ext/jaxb/activation.jar:/usr/local/netbeans-7.4/ide/modules/ext/jaxb/api/jaxb-api.jar:/usr/local/netbeans-7.4/ide/modules/ext/jaxb/api/jsr173_1.0_api.jar" />
    <property name="libs.struts.src" value="" />
    <property name="apple.awt.graphics.UseQuartz" value="true" />
    <property name="user.language" value="en" />
    <property name="testng.mode" value="testng" />
    <property name="libs.JAXB-ENDORSED.maven-pom" value="" />
    <property name="libs.spring-framework.classpath" value="/usr/local/netbeans-7.4/ide/modules/org-apache-commons-logging.jar:/usr/local/netbeans-7.4/java/modules/ext/cglib-2.2.jar:/usr/local/netbeans-7.4/java/modules/ext/spring/spring-2.5.6.SEC03.jar" />
    <property name="libs.eclipselink.maven-pom" value="" />
    <property name="application.vendor" value="Miguel Gonzalez, Jan Kerkenhoff" />
    <property name="test.binaryincludes" value="&lt;nothing&gt;" />
    <property name="manifest.available" value="true" />
    <property name="libs.primefaces.javadoc" value="" />
    <property name="libs.spring-framework300.maven-pom" value="" />
    <property name="run.test.classpath" value=":build/classes:/usr/local/netbeans-7.4/platform/modules/ext/junit-4.10.jar:build/test/classes" />
    <property name="ant.project.invoked-targets" value="test-single" />
    <property name="test.binaryexcludes" value="" />
    <property name="libs.swing-layout.javadoc" value="/usr/local/netbeans-7.4/platform/docs/swing-layout-1.0.4-doc.zip" />
    <property name="sun.java2d.dpiaware" value="true" />
    <property name="libs.ejb3-persistence.maven-pom" value="" />
    <property name="https.nonProxyHosts" value="localhost|127.0.0.1|Mastermind" />
    <property name="libs.PostgreSQLDriver.maven-pom" value="" />
    <property name="java.class.version" value="51.0" />
    <property name="libs.javaee-endorsed-api-6.0.src" value="" />
    <property name="libs.cdc-ant-utils.classpath" value="/usr/local/netbeans-7.4/mobility/modules/ext/org-netbeans-modules-j2me-cdc-project.jar" />
    <property name="libs.eclipselink.javadoc" value="" />
    <property name="libs.jsp-compilation.maven-pom" value="" />
    <property name="user.properties.file" value="/home/miguel/.netbeans/7.4/build.properties" />
    <property name="runtime.encoding" value="UTF-8" />
    <property name="libs.spring-framework.src" value="" />
    <property name="libs.javac-api.maven-pom" value="" />
    <property name="file.encoding.pkg" value="sun.io" />
    <property name="sun.cpu.endian" value="little" />
    <property name="libs.JAXB-ENDORSED.javadoc" value="" />
    <property name="libs.JWSAntTasks.classpath" value="/usr/local/netbeans-7.4/java/ant/extra/org-netbeans-modules-javawebstart-anttasks.jar" />
    <property name="libs.spring-framework300.src" value="" />
    <property name="libs.ant-contrib.classpath" value="/usr/local/netbeans-7.4/mobility/modules/ext/ant-contrib-1.0b3.jar" />
    <property name="libs.jstl.src" value="" />
    <property name="empty.dir" value="/home/miguel/git/epic/build/empty" />
    <property name="version-output" value="java version &quot;1.7" />
    <property name="test.binarytestincludes" value="" />
    <property name="javadoc.preview" value="true" />
    <property name="libs.jpa20-persistence.javadoc" value="" />
    <property name="java.home" value="/usr/lib/jvm/java-7-oracle/jre" />
    <property name="libs.ojec-ant-utils.javadoc" value="" />
    <property name="libs.jsp-compilation.src" value="" />
    <property name="libs.spring-webmvc.src" value="" />
    <property name="libs.ant-contrib.javadoc" value="" />
    <property name="debug.test.classpath" value=":build/classes:/usr/local/netbeans-7.4/platform/modules/ext/junit-4.10.jar:build/test/classes" />
    <property name="libs.javaee-endorsed-api-6.0.classpath" value="/usr/local/netbeans-7.4/enterprise/modules/ext/javaee6-endorsed/javax.annotation.jar:/usr/local/netbeans-7.4/enterprise/modules/ext/javaee6-endorsed/jaxb-api-osgi.jar:/usr/local/netbeans-7.4/enterprise/modules/ext/javaee6-endorsed/webservices-api-osgi.jar" />
    <property name="libs.javaee-api-6.0.src" value="" />
    <property name="netbeans.importclass" value="org.netbeans.upgrade.AutoUpgrade" />
    <property name="ant.project.default-target" value="default" />
    <property name="annotation.processing.run.all.processors" value="true" />
    <property name="libs.savaje-ant-utils.classpath" value="/usr/local/netbeans-7.4/mobility/modules/ext/org-netbeans-modules-j2me-cdc-project-savaje.jar" />
    <property name="jar.archive.disabled" value="false" />
    <property name="jnlp.signing.alias" value="" />
    <property name="libs.PostgreSQLDriver.javadoc" value="" />
    <property name="libs.restlib.classpath" value="/usr/local/netbeans-7.4/enterprise/modules/ext/jersey2/ext/asm-all-repackaged-2.1.88.jar:/usr/local/netbeans-7.4/enterprise/modules/ext/jersey2/ext/cglib-2.1.88.jar:/usr/local/netbeans-7.4/enterprise/modules/ext/jersey2/ext/guava-14.0.1.jar:/usr/local/netbeans-7.4/enterprise/modules/ext/jersey2/ext/hk2-api-2.1.88.jar:/usr/local/netbeans-7.4/enterprise/modules/ext/jersey2/ext/hk2-locator-2.1.88.jar:/usr/local/netbeans-7.4/enterprise/modules/ext/jersey2/ext/hk2-utils-2.1.88.jar:/usr/local/netbeans-7.4/enterprise/modules/ext/jersey2/ext/javax.annotation-api-1.2.jar:/usr/local/netbeans-7.4/enterprise/modules/ext/jersey2/ext/javax.inject-2.1.88.jar:/usr/local/netbeans-7.4/enterprise/modules/ext/jersey2/ext/javax.servlet-api-3.1.0.jar:/usr/local/netbeans-7.4/enterprise/modules/ext/jersey2/ext/jaxb-api-2.2.7.jar:/usr/local/netbeans-7.4/enterprise/modules/ext/jersey2/ext/org.osgi.core-4.2.0.jar:/usr/local/netbeans-7.4/enterprise/modules/ext/jersey2/ext/osgi-resource-locator-1.0.1.jar:/usr/local/netbeans-7.4/enterprise/modules/ext/jersey2/ext/persistence-api-1.0.jar:/usr/local/netbeans-7.4/enterprise/modules/ext/jersey2/ext/validation-api-1.1.0.jar:/usr/local/netbeans-7.4/enterprise/modules/ext/jersey2/jersey-client.jar:/usr/local/netbeans-7.4/enterprise/modules/ext/jersey2/jersey-common.jar:/usr/local/netbeans-7.4/enterprise/modules/ext/jersey2/jersey-container-servlet.jar:/usr/local/netbeans-7.4/enterprise/modules/ext/jersey2/jersey-container-servlet-core.jar:/usr/local/netbeans-7.4/enterprise/modules/ext/jersey2/jersey-server.jar:/usr/local/netbeans-7.4/enterprise/modules/ext/jersey2/extensions/jackson-core-asl-1.9.11.jar:/usr/local/netbeans-7.4/enterprise/modules/ext/jersey2/extensions/jackson-jaxrs-1.9.11.jar:/usr/local/netbeans-7.4/enterprise/modules/ext/jersey2/extensions/jackson-mapper-asl-1.9.11.jar:/usr/local/netbeans-7.4/enterprise/modules/ext/jersey2/extensions/jackson-xc-1.9.11.jar:/usr/local/netbeans-7.4/enterprise/modules/ext/jersey2/extensions/jersey-media-json-jackson-2.0.jar:/usr/local/netbeans-7.4/enterprise/modules/ext/jersey2/extensions/jersey-media-json-jettison-2.0.jar:/usr/local/netbeans-7.4/enterprise/modules/ext/jersey2/extensions/jettison-1.3.3.jar" />
    <property name="libs.JMUnit4CLDC11.javadoc" value="/usr/local/netbeans-7.4/mobility/modules/docs/jmunit-1.2.1-api.zip" />
    <property name="libs.MySQLDriver.maven-pom" value="" />
    <property name="libs.savaje-ant-utils.src" value="" />
    <property name="http.nonProxyHosts" value="localhost|127.0.0.1|Mastermind" />
    <property name="libs.junit_4.javadoc" value="/usr/local/netbeans-7.4/java/docs/junit-4.10-javadoc.jar" />
    <property name="libs.spring-webmvc.javadoc" value="" />
    <property name="libs.javaee-web-api-6.0.maven-pom" value="" />
    <property name="libs.cdc-pp-awt-layout.classpath" value="/usr/local/netbeans-7.4/mobility/modules/ext/cdc-pp-awt-layout.jar" />
    <property name="libs.cdc-agui-swing-layout.src" value="/usr/local/netbeans-7.4/mobility/sources/cdc-agui-swing-layout-src.zip" />
    <property name="run.classpath" value=":build/classes" />
    <property name="libs.hibernate-support.src" value="" />
    <property name="jna.boot.library.name" value="jnidispatch-340" />
    <property name="libs.javaee-endorsed-api-6.0.javadoc" value="/usr/local/netbeans-7.4/enterprise/docs/javaee-doc-api.jar" />
    <property name="libs.javaee-api-7.0.classpath" value="/usr/local/netbeans-7.4/enterprise/modules/ext/javaee-api-7.0.jar" />
    <property name="libs.JMUnit4CLDC11.classpath" value="/usr/local/netbeans-7.4/mobility/modules/ext/jmunit4cldc11-1.2.1.jar" />
    <property name="sun.awt.datatransfer.timeout" value="1000" />
    <property name="libs.spring-webmvc3.0.javadoc" value="" />
    <property name="annotation.processing.enabled.in.editor" value="false" />
    <property name="ant.file.type.epic" value="file" />
    <property name="libs.semc-ant-utils.maven-pom" value="" />
    <property name="nb.native.filechooser" value="false" />
    <property name="libs.nokiadeployment.maven-pom" value="" />
    <property name="libs.restapi.src" value="" />
    <property name="sun.management.compiler" value="HotSpot 64-Bit Tiered Compilers" />
    <property name="javac.deprecation" value="false" />
    <property name="javadoc.use" value="true" />
    <property name="sun.java2d.noddraw" value="true" />
    <property name="libs.jsp-compiler.classpath" value="/usr/local/netbeans-7.4/enterprise/ant/extra/jspcompile.jar" />
    <property name="javac.processorpath" value="" />
    <property name="libs.spring-webmvc.classpath" value="/usr/local/netbeans-7.4/enterprise/modules/ext/spring/spring-webmvc-2.5.6.SEC03.jar" />
    <property name="javac.compilerargs" value="" />
    <property name="svnkit.http.methods" value="Basic" />
    <property name="ant.file" value="/home/miguel/git/epic/build.xml" />
    <property name="libs.XMLWriter.classpath" value="/home/miguel/xml-writer-0.2/xml-writer.jar" />
    <property name="libs.beans-binding.maven-pom" value="" />
    <property name="jnlp.codebase.type" value="no.codebase" />
    <property name="libs.jsf12.classpath" value="/usr/local/netbeans-7.4/enterprise/modules/ext/jsf-1_2/commons-beanutils.jar:/usr/local/netbeans-7.4/enterprise/modules/ext/jsf-1_2/commons-collections.jar:/usr/local/netbeans-7.4/enterprise/modules/ext/jsf-1_2/commons-digester.jar:/usr/local/netbeans-7.4/enterprise/modules/ext/jsf-1_2/commons-logging.jar:/usr/local/netbeans-7.4/enterprise/modules/ext/jsf-1_2/jsf-api.jar:/usr/local/netbeans-7.4/enterprise/modules/ext/jsf-1_2/jsf-impl.jar" />
    <property name="libs.jstl.maven-pom" value="" />
    <property name="libs.restapi.maven-pom" value="" />
    <property name="libs.beans-binding.src" value="" />
    <property name="java.vm.specification.vendor" value="Oracle Corporation" />
    <property name="libs.swing-layout.src" value="/usr/local/netbeans-7.4/platform/docs/swing-layout-1.0.4-src.zip" />
    <property name="libs.j2me_ant_ext.src" value="" />
    <property name="org.openide.major.version" value="IDE/1" />
    <property name="java.vm.name" value="Java HotSpot(TM) 64-Bit Server VM" />
    <property name="netbeans.user" value="/home/miguel/.netbeans/7.4" />
    <property name="javadoc.additionalparam" value="" />
    <property name="jnlp.offline-allowed" value="false" />
    <property name="java.io.tmpdir" value="/tmp" />
    <property name="java.vendor.url" value="http://java.oracle.com/" />
    <property name="src.demo.dir" value="demo" />
    <property name="endorsed.classpath.cmd.line.arg" value="" />
    <property name="junit.available" value="true" />
    <property name="libs.jsp-compiler.src" value="" />
    <property name="sun.boot.library.path" value="/usr/lib/jvm/java-7-oracle/jre/lib/amd64" />
    <property name="have.sources" value="true" />
    <property name="debug.classpath" value=":build/classes" />
    <property name="javadoc.private" value="false" />
    <property name="test.src.dir" value="test" />
    <property name="libs.jsf20.classpath" value="/usr/local/netbeans-7.4/enterprise/modules/ext/jsf-2_2/javax.faces.jar" />
    <property name="ap.processors.internal" value="" />
    <property name="meta.inf.dir" value="src/META-INF" />
    <property name="javadoc.encoding.used" value="UTF-8" />
    <property name="dist.jar" value="dist/epic.jar" />
    <property name="java.runtime.name" value="Java(TM) SE Runtime Environment" />
    <property name="ant.project.name" value="epic" />
    <property name="netbeans.hash.code" value="unique=NB_CND_EXTIDE_GFMOD_GROOVY_JAVA_MOB_PHP_TOMCAT_WEBCOMMON_WEBEE050b93fa3-6fa3-4640-a02e-4f89ef00fb09_a02bee16-7c54-42e4-aa41-288a87841313" />
    <property name="netbeans.default_userdir_root" value="/home/miguel/.netbeans" />
    <property name="libs.jsp-compilation-syscp.maven-pom" value="" />
    <property name="libs.j2me_ant_ext.maven-pom" value="" />
    <property name="sun.cpu.isalist" value="" />
    <property name="libs.CopyLibs.javadoc" value="" />
    <property name="libs.hibernate-persistencemodelgen.maven-pom" value="" />
    <property name="org.openide.specification.version" value="6.2" />
    <property name="libs.hibernate-support.classpath" value="/usr/local/netbeans-7.4/java/modules/ext/hibernate/dom4j-1.6.1.jar:/usr/local/netbeans-7.4/java/modules/ext/hibernate/antlr-2.7.6.jar:/usr/local/netbeans-7.4/java/modules/ext/hibernate/cglib-2.2.jar:/usr/local/netbeans-7.4/java/modules/ext/hibernate/commons-collections-3.1.jar:/usr/local/netbeans-7.4/java/modules/ext/hibernate/jta-1.1.jar:/usr/local/netbeans-7.4/java/modules/ext/hibernate/hibernate-core-3.6.10.Final.jar:/usr/local/netbeans-7.4/java/modules/ext/hibernate/hibernate-commons-annotations-3.2.0.Final.jar:/usr/local/netbeans-7.4/java/modules/ext/hibernate/hibernate-entitymanager-3.6.10.Final.jar:/usr/local/netbeans-7.4/java/modules/ext/hibernate/hibernate-tools-3.6.0.CR1.jar:/usr/local/netbeans-7.4/java/modules/ext/hibernate/javassist-3.12.0.GA.jar:/usr/local/netbeans-7.4/java/modules/ext/hibernate/c3p0-0.9.1.jar:/usr/local/netbeans-7.4/java/modules/ext/hibernate/oscache-2.1.jar:/usr/local/netbeans-7.4/java/modules/ext/hibernate/slf4j-api-1.6.1.jar:/usr/local/netbeans-7.4/java/modules/ext/hibernate/slf4j-simple-1.6.1.jar" />
    <property name="user.home" value="/home/miguel" />
    <property name="annotation.processing.processors.list" value="" />
    <property name="debug-args-line" value="-Xdebug" />
    <property name="libs.primefaces.maven-pom" value="" />
    <property name="libs.javaee-api-6.0.maven-pom" value="" />
    <property name="libs.JWSAntTasks.src" value="" />
    <property name="libs.CopyLibs.maven-pom" value="" />
    <property name="jar.index" value="false" />
    <property name="libs.hibernate-persistence.maven-pom" value="" />
    <property name="libs.spring-framework300.javadoc" value="" />
    <property name="libs.absolutelayout.javadoc" value="" />
    <property name="java.specification.name" value="Java Platform API Specification" />
    <property name="guice.disable.misplaced.annotation.check" value="true" />
    <property name="libs.jakarta_slide_ant_webdav.maven-pom" value="" />
    <property name="jnlp.mixed.code" value="default" />
    <property name="libs.sjmc-ant-utils.src" value="" />
    <property name="java.specification.vendor" value="Oracle Corporation" />
    <property name="libs.cdc-agui-swing-layout.javadoc" value="" />
    <property name="libs.javac-api.classpath" value="/usr/local/netbeans-7.4/java/modules/ext/nb-javac-api.jar" />
    <property name="java.version" value="1.7.0_45" />
    <property name="libs.nokiaS80-ant-utils.classpath" value="/usr/local/netbeans-7.4/mobility/modules/ext/org-netbeans-modules-j2me-cdc-project-nokiaS80.jar" />
    <property name="javadoc.version" value="false" />
    <property name="run.jvmargs.ide" value="" />
    <property name="libs.MySQLDriver.javadoc" value="" />
    <property name="org.openide.version" value="deprecated" />
    <property name="platform.java" value="/usr/lib/jvm/java-7-oracle/jre/bin/java" />
    <property name="source.encoding" value="UTF-8" />
    <property name="ap.cmd.line.internal" value="" />
    <property name="libs.eclipselinkmodelgen.maven-pom" value="" />
    <property name="libs.jsp-compilation-syscp.javadoc" value="" />
    <property name="libs.junit.maven-pom" value="" />
    <property name="libs.javaee-endorsed-api-7.0.classpath" value="/usr/local/netbeans-7.4/enterprise/modules/ext/javaee7-endorsed/javax.annotation-api.jar:/usr/local/netbeans-7.4/enterprise/modules/ext/javaee7-endorsed/javax.xml.soap-api.jar:/usr/local/netbeans-7.4/enterprise/modules/ext/javaee7-endorsed/jaxb-api-osgi.jar:/usr/local/netbeans-7.4/enterprise/modules/ext/javaee7-endorsed/jaxws-api.jar:/usr/local/netbeans-7.4/enterprise/modules/ext/javaee7-endorsed/jsr181-api.jar" />
    <property name="libs.eclipselinkmodelgen.javadoc" value="" />
    <property name="libs.metro.javadoc" value="/usr/local/netbeans-7.4/enterprise/docs/metro-1.4-doc.zip" />
    <property name="libs.struts.maven-pom" value="" />
    <property name="netbeans.home+have.tests" value="true" />
    <property name="annotation.processing.processor.options" value="" />
    <property name="libs.testng.maven-pom" value="" />
    <property name="libs.jaxb.src" value="" />
    <property name="work.dir" value="/home/miguel/git/epic" />
    <property name="libs.cdc-ant-utils.src" value="" />
    <property name="libs.jaxb.classpath" value="/usr/local/netbeans-7.4/ide/modules/ext/jaxb/jaxb-impl.jar:/usr/local/netbeans-7.4/ide/modules/ext/jaxb/jaxb-xjc.jar:/usr/local/netbeans-7.4/ide/modules/ext/jaxb/jaxb1-impl.jar:/usr/local/netbeans-7.4/ide/modules/ext/jaxb/activation.jar:/usr/local/netbeans-7.4/ide/modules/ext/jaxb/api/jaxb-api.jar:/usr/local/netbeans-7.4/ide/modules/ext/jaxb/api/jsr173_1.0_api.jar" />
    <property name="do.depend" value="false" />
    <property name="dist.javadoc.dir" value="dist/javadoc" />
    <property name="libs.swing-layout.classpath" value="/usr/local/netbeans-7.4/platform/modules/ext/swing-layout-1.0.4.jar" />
    <property name="libs.spring-webmvc3.0.classpath" value="/usr/local/netbeans-7.4/java/modules/ext/spring-3.0/spring-webmvc-3.2.3.RELEASE.jar" />
    <property name="libs.javaee-web-api-7.0.maven-pom" value="" />
    <property name="libs.restlib.src" value="" />
    <property name="javac.source" value="1.7" />
    <property name="build.generated.dir" value="build/generated" />
    <property name="libs.hibernate-persistence.src" value="" />
    <property name="line.separator" value="&#xa;" />
    <property name="java.specification.version" value="1.7" />
    <property name="java.vm.info" value="mixed mode" />
    <property name="libs.jaxws21.maven-pom" value="" />
    <property name="libs.cdc-ant-utils.javadoc" value="" />
    <property name="nb.junit.batch" value="true" />
    <property name="junit.forkmode" value="perTest" />
    <property name="libs.ojec-ant-utils.classpath" value="/usr/local/netbeans-7.4/mobility/modules/ext/org-netbeans-modules-j2me-cdc-project-ojec.jar" />
    <property name="libs.spring-framework.maven-pom" value="" />
    <property name="sun.boot.class.path" value="/usr/lib/jvm/java-7-oracle/jre/lib/resources.jar:/usr/lib/jvm/java-7-oracle/jre/lib/rt.jar:/usr/lib/jvm/java-7-oracle/jre/lib/sunrsasign.jar:/usr/lib/jvm/java-7-oracle/jre/lib/jsse.jar:/usr/lib/jvm/java-7-oracle/jre/lib/jce.jar:/usr/lib/jvm/java-7-oracle/jre/lib/charsets.jar:/usr/lib/jvm/java-7-oracle/jre/lib/jfr.jar:/usr/lib/jvm/java-7-oracle/jre/classes" />
    <property name="javac.target" value="1.7" />
    <property name="built-jar.properties" value="/home/miguel/git/epic/build/built-jar.properties" />
    <property name="build.test.classes.dir" value="build/test/classes" />
    <property name="src.dir" value="src" />
    <property name="annotation.processing.enabled" value="true" />
    <property name="libs.jsf20.src" value="" />
    <property name="libs.jpa20-persistence.src" value="" />
    <property name="libs.jsf12.src" value="" />
    <property name="libs.nokiadeployment.src" value="" />
    <property name="libs.savaje-ant-utils.javadoc" value="" />
    <property name="libs.struts.javadoc" value="/usr/local/netbeans-7.4/enterprise/docs/struts-1.3.10-javadoc.zip" />
    <property name="ignore.failing.tests" value="true" />
    <property name="libs.cdc-ant-utils.maven-pom" value="" />
    <property name="libs.javaee-web-api-7.0.src" value="" />
    <property name="libs.primefaces.src" value="" />
    <property name="libs.cdc-agui-swing-layout.classpath" value="/usr/local/netbeans-7.4/mobility/modules/ext/cdc-agui-swing-layout.jar" />
    <property name="dist.dir" value="dist" />
    <property name="libs.groovy-all.javadoc" value="" />
    <property name="securerandom.source" value="file:/dev/./urandom" />
    <property name="testng.debug.mode" value="" />
    <property name="libs.groovy-all.classpath" value="/usr/local/netbeans-7.4/groovy/modules/ext/groovy-all.jar" />
    <property name="javac.fork" value="false" />
    <property name="libs.sjmc-ant-utils.classpath" value="/usr/local/netbeans-7.4/mobility/modules/ext/org-netbeans-modules-j2me-cdc-project-sjmc.jar" />
    <property name="java.awt.printerjob" value="sun.print.PSPrinterJob" />
    <property name="libs.JMUnit4CLDC10.classpath" value="/usr/local/netbeans-7.4/mobility/modules/ext/jmunit4cldc10-1.2.1.jar" />
    <property name="libs.XMLWriter.src" value="" />
    <property name="default.javac.source" value="1.7" />
    <property name="debug-transport-by-os" value="dt_socket" />
    <property name="sun.jnu.encoding" value="UTF-8" />
    <property name="libs.MySQLDriver.src" value="" />
    <property name="libs.ant-contrib.maven-pom" value="" />
    <property name="libs.nokiadeployment.javadoc" value="" />
    <property name="java.runtime.version" value="1.7.0_45-b18" />
    <property name="build.test.results.dir" value="build/test/results" />
    <property name="libs.ejb3-persistence.javadoc" value="" />
    <property name="libs.sjmc-ant-utils.javadoc" value="" />
    <property name="jna.platform.library.path" value="/usr/lib/x86_64-linux-gnu:/lib/x86_64-linux-gnu:/lib64:/usr/lib:/lib" />
    <property name="default.javac.target" value="1.7" />
    <property name="libs.junit_4.classpath" value="/usr/local/netbeans-7.4/platform/modules/ext/junit-4.10.jar" />
    <property name="user.timezone" value="" />
    <property name="nb.junit.single" value="false" />
    <property name="application.homepage" value="https://github.com/kerko/epic" />
    <property name="libs.ant-contrib.src" value="" />
    <property name="libs.javaee-endorsed-api-6.0.maven-pom" value="" />
    <property name="netbeans.dirs" value="/usr/local/netbeans-7.4/nb:/usr/local/netbeans-7.4/ergonomics:/usr/local/netbeans-7.4/ide:/usr/local/netbeans-7.4/extide:/usr/local/netbeans-7.4/java:/usr/local/netbeans-7.4/apisupport:/usr/local/netbeans-7.4/webcommon:/usr/local/netbeans-7.4/websvccommon:/usr/local/netbeans-7.4/enterprise:/usr/local/netbeans-7.4/mobility:/usr/local/netbeans-7.4/profiler:/usr/local/netbeans-7.4/python:/usr/local/netbeans-7.4/php:/usr/local/netbeans-7.4/identity:/usr/local/netbeans-7.4/harness:/usr/local/netbeans-7.4/cnd:/usr/local/netbeans-7.4/dlight:/usr/local/netbeans-7.4/groovy:/usr/local/netbeans-7.4/extra:/usr/local/netbeans-7.4/javacard:/usr/local/netbeans-7.4/javafx:" />
    <property name="libs.jstl.javadoc" value="/usr/local/netbeans-7.4/enterprise/docs/javaee-doc-api.jar" />
    <property name="libs.jsf20.javadoc" value="/usr/local/netbeans-7.4/enterprise/docs/javaee-doc-api.jar" />
    <property name="java.ext.dirs" value="/usr/lib/jvm/java-7-oracle/jre/lib/ext:/usr/java/packages/lib/ext" />
    <property name="libs.metro.src" value="" />
    <property name="libs.savaje-ant-utils.maven-pom" value="" />
    <property name="libs.semc-ant-utils.src" value="" />
    <property name="endorsed.classpath" value="" />
    <property name="libs.absolutelayout.classpath" value="/home/miguel/.netbeans/7.4/modules/ext/AbsoluteLayout.jar" />
    <property name="excludes" value="" />
    <property name="libs.metro.classpath" value="/usr/local/netbeans-7.4/ide/modules/ext/jaxb/activation.jar:/usr/local/netbeans-7.4/enterprise/modules/ext/metro/webservices-api.jar:/usr/local/netbeans-7.4/enterprise/modules/ext/metro/webservices-extra-api.jar:/usr/local/netbeans-7.4/enterprise/modules/ext/metro/webservices-extra.jar:/usr/local/netbeans-7.4/enterprise/modules/ext/metro/webservices-rt.jar:/usr/local/netbeans-7.4/enterprise/modules/ext/metro/webservices-tools.jar" />
    <property name="libs.restlib.maven-pom" value="" />
    <property name="apple.laf.useScreenMenuBar" value="true" />
    <property name="java.class.path" value="/home/miguel/git/epic/build/classes:/usr/local/netbeans-7.4/platform/modules/ext/junit-4.10.jar:/home/miguel/git/epic/build/test/classes:/usr/local/netbeans-7.4/extide/ant/lib/ant-launcher.jar:/usr/local/netbeans-7.4/extide/ant/lib/ant.jar:/usr/local/netbeans-7.4/extide/ant/lib/ant-junit.jar:/usr/local/netbeans-7.4/extide/ant/lib/ant-junit4.jar" />
    <property name="do.mkdist" value="true" />
    <property name="libs.absolutelayout.src" value="" />
    <property name="libs.jpa20-persistence.classpath" value="/home/miguel/.netbeans/7.4/modules/ext/eclipselink/javax.persistence_2.1.0.v201304241213.jar" />
    <property name="libs.cdc-pp-awt-layout.maven-pom" value="" />
    <property name="os.version" value="3.8.0-33-generic" />
    <property name="libs.hibernate-persistencemodelgen.src" value="" />
    <property name="application.args" value="" />
    <property name="manifest.custom.permissions" value="" />
    <property name="libs.javaee-api-7.0.maven-pom" value="" />
    <property name="libs.JMUnit4CLDC11.maven-pom" value="" />
    <property name="sun.awt.enableExtraMouseButtons" value="true" />
    <property name="sun.desktop" value="gnome" />
    <property name="auxiliary.org-netbeans-spi-editor-hints-projects.perProjectHintSettingsFile" value="nbproject/cfg_hints.xml" />
    <property name="libs.restlib.javadoc" value="" />
    <property name="libs.JAXB-ENDORSED.classpath" value="/usr/local/netbeans-7.4/ide/modules/ext/jaxb/api/jaxb-api.jar" />
    <property name="nb.internal.action.name" value="test.single" />
    <property name="libs.javaee-api-7.0.javadoc" value="/usr/local/netbeans-7.4/enterprise/docs/javaee-doc-api.jar" />
    <property name="libs.eclipselink.classpath" value="/home/miguel/.netbeans/7.4/modules/ext/eclipselink/eclipselink.jar:/home/miguel/.netbeans/7.4/modules/ext/eclipselink/javax.persistence_2.1.0.v201304241213.jar:/home/miguel/.netbeans/7.4/modules/ext/eclipselink/org.eclipse.persistence.jpa.jpql_2.5.1.v20130918-f2b9fc5.jar" />
    <property name="libs.beans-binding.javadoc" value="/usr/local/netbeans-7.4/java/docs/beansbinding-1.2.1-doc.zip" />
    <property name="java.awt.graphicsenv" value="sun.awt.X11GraphicsEnvironment" />
    <property name="java.vm.vendor" value="Oracle Corporation" />
    <property name="libs.CopyLibs.classpath" value="/usr/local/netbeans-7.4/java/ant/extra/org-netbeans-modules-java-j2seproject-copylibstask.jar" />
    <property name="libs.spring-framework300.classpath" value="/usr/local/netbeans-7.4/ide/modules/org-apache-commons-logging.jar:/usr/local/netbeans-7.4/java/modules/ext/cglib-2.2.jar:/usr/local/netbeans-7.4/java/modules/ext/spring-3.0/spring-aop-3.2.3.RELEASE.jar:/usr/local/netbeans-7.4/java/modules/ext/spring-3.0/spring-aspects-3.2.3.RELEASE.jar:/usr/local/netbeans-7.4/java/modules/ext/spring-3.0/spring-beans-3.2.3.RELEASE.jar:/usr/local/netbeans-7.4/java/modules/ext/spring-3.0/spring-build-src-3.2.3.RELEASE.jar:/usr/local/netbeans-7.4/java/modules/ext/spring-3.0/spring-context-3.2.3.RELEASE.jar:/usr/local/netbeans-7.4/java/modules/ext/spring-3.0/spring-context-support-3.2.3.RELEASE.jar:/usr/local/netbeans-7.4/java/modules/ext/spring-3.0/spring-core-3.2.3.RELEASE.jar:/usr/local/netbeans-7.4/java/modules/ext/spring-3.0/spring-expression-3.2.3.RELEASE.jar:/usr/local/netbeans-7.4/java/modules/ext/spring-3.0/spring-instrument-3.2.3.RELEASE.jar:/usr/local/netbeans-7.4/java/modules/ext/spring-3.0/spring-instrument-tomcat-3.2.3.RELEASE.jar:/usr/local/netbeans-7.4/java/modules/ext/spring-3.0/spring-jdbc-3.2.3.RELEASE.jar:/usr/local/netbeans-7.4/java/modules/ext/spring-3.0/spring-jms-3.2.3.RELEASE.jar:/usr/local/netbeans-7.4/java/modules/ext/spring-3.0/spring-orm-3.2.3.RELEASE.jar:/usr/local/netbeans-7.4/java/modules/ext/spring-3.0/spring-oxm-3.2.3.RELEASE.jar:/usr/local/netbeans-7.4/java/modules/ext/spring-3.0/spring-struts-3.2.3.RELEASE.jar:/usr/local/netbeans-7.4/java/modules/ext/spring-3.0/spring-test-3.2.3.RELEASE.jar:/usr/local/netbeans-7.4/java/modules/ext/spring-3.0/spring-tx-3.2.3.RELEASE.jar:/usr/local/netbeans-7.4/java/modules/ext/spring-3.0/spring-web-3.2.3.RELEASE.jar:/usr/local/netbeans-7.4/java/modules/ext/spring-3.0/spring-webmvc-3.2.3.RELEASE.jar:/usr/local/netbeans-7.4/java/modules/ext/spring-3.0/spring-webmvc-portlet-3.2.3.RELEASE.jar" />
    <property name="libs.jsp-compiler.maven-pom" value="" />
    <property name="libs.spring-webmvc.maven-pom" value="" />
    <property name="run.jvmargs" value="" />
    <property name="libs.ejb3-persistence.classpath" value="/usr/local/netbeans-7.4/java/modules/ext/hibernate/hibernate-jpa-2.0-api-1.0.1.Final.jar" />
    <property name="libs.hibernate-persistencemodelgen.javadoc" value="" />
    <property name="libs.XMLWriter.maven-pom" value="" />
    <property name="libs.JAXB-ENDORSED.src" value="" />
    <property name="libs.spring-framework.javadoc" value="" />
    <property name="dist.archive.excludes" value="" />
    <property name="libs.testng.javadoc" value="/usr/local/netbeans-7.4/platform/docs/testng-6.8.1-javadoc.zip" />
    <property name="libs.PostgreSQLDriver.classpath" value="/usr/local/netbeans-7.4/ide/modules/ext/postgresql-9.2-1002.jdbc4.jar" />
    <property name="libs.jsf12.maven-pom" value="" />
    <property name="jnlp.signing" value="" />
    <property name="libs.junit.src" value="" />
    <property name="annotation.processing.source.output" value="build/generated-sources/ap-source-output" />
    <property name="jnlp.signed" value="false" />
    <property name="main.class" value="" />
    <property name="libs.CopyLibs.src" value="" />
    <property name="build.dir" value="build" />
    <property name="libs.jsp-compilation.classpath" value="/usr/local/netbeans-7.4/extide/ant/lib/ant.jar:/usr/local/netbeans-7.4/enterprise/modules/ext/servlet3.1-jsp2.3-api.jar:/usr/local/netbeans-7.4/enterprise/modules/ext/glassfish-jspparser-4.0.jar:/usr/local/netbeans-7.4/enterprise/modules/ext/jsf-2_2/javax.faces.jar:/usr/local/netbeans-7.4/enterprise/modules/ext/jstl-api.jar:/usr/local/netbeans-7.4/extide/ant/lib/ant-launcher.jar" />
    <property name="ant.version" value="Apache Ant(TM) version 1.9.1 compiled on May 15 2013" />
    <property name="file.encoding" value="UTF-8" />
    <property name="build.classes.excludes" value="**/*.java,**/*.form" />
    <property name="jdkBug6558476" value="false" />
    <property name="javadoc.nonavbar" value="false" />
    <property name="platform.active" value="default_platform" />
    <property name="awt.toolkit" value="sun.awt.X11.XToolkit" />
    <property name="libs.javaee-web-api-7.0.javadoc" value="/usr/local/netbeans-7.4/enterprise/docs/javaee-doc-api.jar" />
  </properties>
  <testcase classname="nl.fontys.epic.util.MatrixListTest" name="testSize" time="0.003" />
  <testcase classname="nl.fontys.epic.util.MatrixListTest" name="testIsEmpty" time="0.0" />
  <testcase classname="nl.fontys.epic.util.MatrixListTest" name="testContainsObject" time="0.001" />
  <testcase classname="nl.fontys.epic.util.MatrixListTest" name="testToArray" time="0.001" />
  <testcase classname="nl.fontys.epic.util.MatrixListTest" name="testRemoveObject" time="0.0" />
  <testcase classname="nl.fontys.epic.util.MatrixListTest" name="testRemoveIntInt" time="0.0" />
  <testcase classname="nl.fontys.epic.util.MatrixListTest" name="testCopy" time="0.0" />
  <testcase classname="nl.fontys.epic.util.MatrixListTest" name="testContainsIntInt" time="0.0" />
  <testcase classname="nl.fontys.epic.util.MatrixListTest" name="testGet" time="0.0" />
  <testcase classname="nl.fontys.epic.util.MatrixListTest" name="testSet" time="0.0" />
  <system-out><![CDATA[]]></system-out>
  <system-err><![CDATA[]]></system-err>
</testsuite>
stsuite>
